2026-03-15 02:52:05,110 | INFO | Discovered file batches this run: 1
2026-03-15 02:52:05,110 | INFO | Pending batches: 1
2026-03-15 02:52:05,110 | INFO | Processing batch: batch_20260314T212144Z_a46ec5b9
2026-03-15 02:52:07,124 | INFO | Running command: E:\Kenexai-Hackathon-2k26\.venv\Scripts\python.exe E:\Kenexai-Hackathon-2k26\etl\transform.py --input-path E:\Kenexai-Hackathon-2k26\data\bronze_branch\batch_20260314T212144Z_a46ec5b9.csv --batch-id batch_20260314T212144Z_a46ec5b9 --append
2026-03-15 02:52:07,682 | INFO | stdout: --- Initial Dataset Diagnostics ---
Shape: (100, 20)
Dtypes:
CustomerID                       int64
Churn                            int64
Tenure                         float64
PreferredLoginDevice            object
CityTier                         int64
WarehouseToHome                float64
PreferredPaymentMode            object
Gender                          object
HourSpendOnApp                 float64
NumberOfDeviceRegistered         int64
PreferedOrderCat                object
SatisfactionScore                int64
MaritalStatus                   object
NumberOfAddress                  int64
Complain                         int64
OrderAmountHikeFromlastYear    float64
CouponUsed                     float64
OrderCount                     float64
DaySinceLastOrder              float64
CashbackAmount                 float64
dtype: object
Missing values per column:
CustomerID                     0
Churn                          0
Tenure                         5
PreferredLoginDevice           0
CityTier                       0
WarehouseToHome                8
PreferredPaymentMode           0
Gender                         0
HourSpendOnApp                 4
NumberOfDeviceRegistered       0
PreferedOrderCat               0
SatisfactionScore              0
MaritalStatus                  0
NumberOfAddress                0
Complain                       0
OrderAmountHikeFromlastYear    5
CouponUsed                     4
OrderCount                     8
DaySinceLastOrder              6
CashbackAmount                 0
dtype: int64

Removed duplicate rows: 0
Rows removed by outlier filtering: 0

--- Cleaned Dataset Diagnostics ---
Shape: (100, 20)
Dtypes:
CustomerID                       int64
Churn                            int64
Tenure                         float64
PreferredLoginDevice            object
CityTier                         int64
WarehouseToHome                float64
PreferredPaymentMode            object
Gender                          object
HourSpendOnApp                 float64
NumberOfDeviceRegistered         int64
PreferedOrderCat                object
SatisfactionScore                int64
MaritalStatus                   object
NumberOfAddress                  int64
Complain                         int64
OrderAmountHikeFromlastYear    float64
CouponUsed                     float64
OrderCount                     float64
DaySinceLastOrder              float64
CashbackAmount                 float64
dtype: object
Missing values per column:
CustomerID                     0
Churn                          0
Tenure                         0
PreferredLoginDevice           0
CityTier                       0
WarehouseToHome                0
PreferredPaymentMode           0
Gender                         0
HourSpendOnApp                 0
NumberOfDeviceRegistered       0
PreferedOrderCat               0
SatisfactionScore              0
MaritalStatus                  0
NumberOfAddress                0
Complain                       0
OrderAmountHikeFromlastYear    0
CouponUsed                     0
OrderCount                     0
DaySinceLastOrder              0
CashbackAmount                 0
dtype: int64

Cleaned dataset saved successfully.
Rows: 100
Columns: 20
Saved to DB: E:\Kenexai-Hackathon-2k26\data\silver\silver_layer.db
Table name: silver_customer_churn_curated
Batch ID: batch_20260314T212144Z_a46ec5b9
2026-03-15 02:52:07,682 | WARNING | stderr: 2026-03-15 02:52:07,572 | INFO | etl.extract | Starting EXTRACT stage.
2026-03-15 02:52:07,572 | INFO | etl.extract | Source path: E:\Kenexai-Hackathon-2k26\data\bronze_branch\batch_20260314T212144Z_a46ec5b9.csv
2026-03-15 02:52:07,572 | INFO | etl.extract | Reading CSV source: E:\Kenexai-Hackathon-2k26\data\bronze_branch\batch_20260314T212144Z_a46ec5b9.csv
2026-03-15 02:52:07,576 | INFO | etl.extract | Dataset loaded successfully with shape: rows=100, cols=20
2026-03-15 02:52:07,576 | INFO | etl.extract | Column datatype inspection:
2026-03-15 02:52:07,576 | INFO | etl.extract |   - CustomerID: int64
2026-03-15 02:52:07,576 | INFO | etl.extract |   - Churn: int64
2026-03-15 02:52:07,576 | INFO | etl.extract |   - Tenure: float64
2026-03-15 02:52:07,576 | INFO | etl.extract |   - PreferredLoginDevice: object
2026-03-15 02:52:07,576 | INFO | etl.extract |   - CityTier: int64
2026-03-15 02:52:07,576 | INFO | etl.extract |   - WarehouseToHome: float64
2026-03-15 02:52:07,576 | INFO | etl.extract |   - PreferredPaymentMode: object
2026-03-15 02:52:07,576 | INFO | etl.extract |   - Gender: object
2026-03-15 02:52:07,576 | INFO | etl.extract |   - HourSpendOnApp: float64
2026-03-15 02:52:07,576 | INFO | etl.extract |   - NumberOfDeviceRegistered: int64
2026-03-15 02:52:07,576 | INFO | etl.extract |   - PreferedOrderCat: object
2026-03-15 02:52:07,576 | INFO | etl.extract |   - SatisfactionScore: int64
2026-03-15 02:52:07,576 | INFO | etl.extract |   - MaritalStatus: object
2026-03-15 02:52:07,576 | INFO | etl.extract |   - NumberOfAddress: int64
2026-03-15 02:52:07,576 | INFO | etl.extract |   - Complain: int64
2026-03-15 02:52:07,576 | INFO | etl.extract |   - OrderAmountHikeFromlastYear: float64
2026-03-15 02:52:07,576 | INFO | etl.extract |   - CouponUsed: float64
2026-03-15 02:52:07,576 | INFO | etl.extract |   - OrderCount: float64
2026-03-15 02:52:07,576 | INFO | etl.extract |   - DaySinceLastOrder: float64
2026-03-15 02:52:07,576 | INFO | etl.extract |   - CashbackAmount: float64
2026-03-15 02:52:07,576 | INFO | etl.extract | Sample preview (first 5 rows):
   CustomerID  Churn  Tenure  ... OrderCount  DaySinceLastOrder  CashbackAmount
0       54332      1     1.0  ...        2.0                1.0          148.25
1       51989      0    15.0  ...        1.0                3.0          152.31
2       53444      0    13.0  ...        NaN                9.0          233.80
3       54560      0     5.0  ...        4.0                3.0          147.18
4       54899      0    13.0  ...        NaN                9.0          252.42

[5 rows x 20 columns]
2026-03-15 02:52:07,589 | INFO | etl.extract | EXTRACT stage completed successfully.
2026-03-15 02:52:07,691 | INFO | Running command: E:\Kenexai-Hackathon-2k26\.venv\Scripts\python.exe E:\Kenexai-Hackathon-2k26\warehouse\build_warehouse.py
2026-03-15 02:52:08,382 | WARNING | stderr: 2026-03-15 02:52:08,108 | INFO | warehouse.build_warehouse | Starting warehouse build process (Silver -> Gold).
2026-03-15 02:52:08,140 | INFO | warehouse.build_warehouse | Loaded cleaned dataset from E:\Kenexai-Hackathon-2k26\data\silver\silver_layer.db (silver_customer_churn_curated)
2026-03-15 02:52:08,140 | INFO | warehouse.build_warehouse | Input dataset shape: rows=5730, cols=22
2026-03-15 02:52:08,158 | INFO | warehouse.build_warehouse | Building dimension tables.
2026-03-15 02:52:08,172 | INFO | warehouse.build_warehouse | Created dim_customer_profile with 5630 rows
2026-03-15 02:52:08,172 | INFO | warehouse.build_warehouse | Created dim_login_device with 2 rows
2026-03-15 02:52:08,172 | INFO | warehouse.build_warehouse | Created dim_payment_method with 5 rows
2026-03-15 02:52:08,172 | INFO | warehouse.build_warehouse | Created dim_order_category with 5 rows
2026-03-15 02:52:08,172 | INFO | warehouse.build_warehouse | Created dim_customer_time_window with 439 rows
2026-03-15 02:52:08,172 | INFO | warehouse.build_warehouse | Building fact table with surrogate-key references.
2026-03-15 02:52:08,191 | INFO | warehouse.build_warehouse | Validation passed: fact row count and foreign keys are valid.
2026-03-15 02:52:08,191 | INFO | warehouse.build_warehouse | Created fact_customer_churn_metrics with 5730 rows
2026-03-15 02:52:08,191 | INFO | warehouse.build_warehouse | Saving Star Schema tables to SQLite database.
2026-03-15 02:52:08,225 | INFO | warehouse.build_warehouse | Saved dim_customer_profile to SQLite with 5630 rows
2026-03-15 02:52:08,241 | INFO | warehouse.build_warehouse | Saved dim_login_device to SQLite with 2 rows
2026-03-15 02:52:08,258 | INFO | warehouse.build_warehouse | Saved dim_payment_method to SQLite with 5 rows
2026-03-15 02:52:08,283 | INFO | warehouse.build_warehouse | Saved dim_order_category to SQLite with 5 rows
2026-03-15 02:52:08,312 | INFO | warehouse.build_warehouse | Saved fact_customer_churn_metrics to SQLite with 5730 rows
2026-03-15 02:52:08,324 | INFO | warehouse.build_warehouse | Saved dim_customer_time_window to SQLite with 439 rows
2026-03-15 02:52:08,324 | INFO | warehouse.build_warehouse | Warehouse database saved at E:\Kenexai-Hackathon-2k26\data\gold\warehouse.db
2026-03-15 02:52:08,324 | INFO | warehouse.build_warehouse | Warehouse build completed successfully.
2026-03-15 02:52:08,390 | INFO | Running command: E:\Kenexai-Hackathon-2k26\.venv\Scripts\python.exe E:\Kenexai-Hackathon-2k26\ml\infer_batch.py --batch-id batch_20260314T212144Z_a46ec5b9
2026-03-15 02:52:30,453 | INFO | stdout: Scored batch_id=batch_20260314T212144Z_a46ec5b9
Prediction rows: 100
Saved latest CSV: E:\Kenexai-Hackathon-2k26\data\gold\latest_batch_predictions.csv
Saved DB table: fact_customer_churn_scoring_results
2026-03-15 02:52:30,474 | INFO | Batch processed successfully: batch_20260314T212144Z_a46ec5b9
2026-03-15 02:52:30,474 | INFO | Watcher run completed.
2026-03-15 04:22:29,771 | INFO | Discovered file batches this run: 2
2026-03-15 04:22:29,771 | INFO | Pending batches: 1
2026-03-15 04:22:29,771 | INFO | Processing batch: batch_20260314T225225Z_e3cd1b66
2026-03-15 04:22:31,789 | INFO | Running command: E:\Kenexai-Hackathon\.venv\Scripts\python.exe E:\Kenexai-Hackathon\etl\transform.py --input-path E:\Kenexai-Hackathon\data\bronze_branch\batch_20260314T225225Z_e3cd1b66.csv --batch-id batch_20260314T225225Z_e3cd1b66 --append
2026-03-15 04:22:32,274 | INFO | stdout: --- Initial Dataset Diagnostics ---
Shape: (100, 20)
Dtypes:
CustomerID                       int64
Churn                            int64
Tenure                         float64
PreferredLoginDevice            object
CityTier                         int64
WarehouseToHome                float64
PreferredPaymentMode            object
Gender                          object
HourSpendOnApp                 float64
NumberOfDeviceRegistered         int64
PreferedOrderCat                object
SatisfactionScore                int64
MaritalStatus                   object
NumberOfAddress                  int64
Complain                         int64
OrderAmountHikeFromlastYear    float64
CouponUsed                     float64
OrderCount                     float64
DaySinceLastOrder              float64
CashbackAmount                 float64
dtype: object
Missing values per column:
CustomerID                     0
Churn                          0
Tenure                         5
PreferredLoginDevice           0
CityTier                       0
WarehouseToHome                8
PreferredPaymentMode           0
Gender                         0
HourSpendOnApp                 4
NumberOfDeviceRegistered       0
PreferedOrderCat               0
SatisfactionScore              0
MaritalStatus                  0
NumberOfAddress                0
Complain                       0
OrderAmountHikeFromlastYear    5
CouponUsed                     4
OrderCount                     8
DaySinceLastOrder              6
CashbackAmount                 0
dtype: int64

Removed duplicate rows: 0
Rows removed by outlier filtering: 0

--- Cleaned Dataset Diagnostics ---
Shape: (100, 20)
Dtypes:
CustomerID                       int64
Churn                            int64
Tenure                         float64
PreferredLoginDevice            object
CityTier                         int64
WarehouseToHome                float64
PreferredPaymentMode            object
Gender                          object
HourSpendOnApp                 float64
NumberOfDeviceRegistered         int64
PreferedOrderCat                object
SatisfactionScore                int64
MaritalStatus                   object
NumberOfAddress                  int64
Complain                         int64
OrderAmountHikeFromlastYear    float64
CouponUsed                     float64
OrderCount                     float64
DaySinceLastOrder              float64
CashbackAmount                 float64
dtype: object
Missing values per column:
CustomerID                     0
Churn                          0
Tenure                         0
PreferredLoginDevice           0
CityTier                       0
WarehouseToHome                0
PreferredPaymentMode           0
Gender                         0
HourSpendOnApp                 0
NumberOfDeviceRegistered       0
PreferedOrderCat               0
SatisfactionScore              0
MaritalStatus                  0
NumberOfAddress                0
Complain                       0
OrderAmountHikeFromlastYear    0
CouponUsed                     0
OrderCount                     0
DaySinceLastOrder              0
CashbackAmount                 0
dtype: int64

Cleaned dataset saved successfully.
Rows: 100
Columns: 20
Saved to DB: E:\Kenexai-Hackathon\data\silver\silver_layer.db
Table name: silver_customer_churn_curated
Batch ID: batch_20260314T225225Z_e3cd1b66
2026-03-15 04:22:32,274 | WARNING | stderr: 2026-03-15 04:22:32,205 | INFO | etl.extract | Starting EXTRACT stage.
2026-03-15 04:22:32,205 | INFO | etl.extract | Source path: E:\Kenexai-Hackathon\data\bronze_branch\batch_20260314T225225Z_e3cd1b66.csv
2026-03-15 04:22:32,205 | INFO | etl.extract | Reading CSV source: E:\Kenexai-Hackathon\data\bronze_branch\batch_20260314T225225Z_e3cd1b66.csv
2026-03-15 04:22:32,213 | INFO | etl.extract | Dataset loaded successfully with shape: rows=100, cols=20
2026-03-15 04:22:32,213 | INFO | etl.extract | Column datatype inspection:
2026-03-15 04:22:32,213 | INFO | etl.extract |   - CustomerID: int64
2026-03-15 04:22:32,213 | INFO | etl.extract |   - Churn: int64
2026-03-15 04:22:32,213 | INFO | etl.extract |   - Tenure: float64
2026-03-15 04:22:32,213 | INFO | etl.extract |   - PreferredLoginDevice: object
2026-03-15 04:22:32,213 | INFO | etl.extract |   - CityTier: int64
2026-03-15 04:22:32,213 | INFO | etl.extract |   - WarehouseToHome: float64
2026-03-15 04:22:32,213 | INFO | etl.extract |   - PreferredPaymentMode: object
2026-03-15 04:22:32,213 | INFO | etl.extract |   - Gender: object
2026-03-15 04:22:32,213 | INFO | etl.extract |   - HourSpendOnApp: float64
2026-03-15 04:22:32,213 | INFO | etl.extract |   - NumberOfDeviceRegistered: int64
2026-03-15 04:22:32,213 | INFO | etl.extract |   - PreferedOrderCat: object
2026-03-15 04:22:32,213 | INFO | etl.extract |   - SatisfactionScore: int64
2026-03-15 04:22:32,213 | INFO | etl.extract |   - MaritalStatus: object
2026-03-15 04:22:32,213 | INFO | etl.extract |   - NumberOfAddress: int64
2026-03-15 04:22:32,213 | INFO | etl.extract |   - Complain: int64
2026-03-15 04:22:32,213 | INFO | etl.extract |   - OrderAmountHikeFromlastYear: float64
2026-03-15 04:22:32,213 | INFO | etl.extract |   - CouponUsed: float64
2026-03-15 04:22:32,213 | INFO | etl.extract |   - OrderCount: float64
2026-03-15 04:22:32,213 | INFO | etl.extract |   - DaySinceLastOrder: float64
2026-03-15 04:22:32,213 | INFO | etl.extract |   - CashbackAmount: float64
2026-03-15 04:22:32,213 | INFO | etl.extract | Sample preview (first 5 rows):
   CustomerID  Churn  Tenure  ... OrderCount  DaySinceLastOrder  CashbackAmount
0       54332      1     1.0  ...        2.0                1.0          148.25
1       51989      0    15.0  ...        1.0                3.0          152.31
2       53444      0    13.0  ...        NaN                9.0          233.80
3       54560      0     5.0  ...        4.0                3.0          147.18
4       54899      0    13.0  ...        NaN                9.0          252.42

[5 rows x 20 columns]
2026-03-15 04:22:32,221 | INFO | etl.extract | EXTRACT stage completed successfully.
2026-03-15 04:22:32,289 | INFO | Running command: E:\Kenexai-Hackathon\.venv\Scripts\python.exe E:\Kenexai-Hackathon\warehouse\build_warehouse.py
2026-03-15 04:22:32,939 | WARNING | stderr: 2026-03-15 04:22:32,672 | INFO | warehouse.build_warehouse | Starting warehouse build process (Silver -> Gold).
2026-03-15 04:22:32,708 | INFO | warehouse.build_warehouse | Loaded cleaned dataset from E:\Kenexai-Hackathon\data\silver\silver_layer.db (silver_customer_churn_curated)
2026-03-15 04:22:32,708 | INFO | warehouse.build_warehouse | Input dataset shape: rows=5830, cols=22
2026-03-15 04:22:32,716 | INFO | warehouse.build_warehouse | Building dimension tables.
2026-03-15 04:22:32,724 | INFO | warehouse.build_warehouse | Created dim_customer_profile with 5630 rows
2026-03-15 04:22:32,724 | INFO | warehouse.build_warehouse | Created dim_login_device with 2 rows
2026-03-15 04:22:32,724 | INFO | warehouse.build_warehouse | Created dim_payment_method with 5 rows
2026-03-15 04:22:32,724 | INFO | warehouse.build_warehouse | Created dim_order_category with 5 rows
2026-03-15 04:22:32,724 | INFO | warehouse.build_warehouse | Created dim_customer_time_window with 439 rows
2026-03-15 04:22:32,724 | INFO | warehouse.build_warehouse | Building fact table with surrogate-key references.
2026-03-15 04:22:32,763 | INFO | warehouse.build_warehouse | Validation passed: fact row count and foreign keys are valid.
2026-03-15 04:22:32,763 | INFO | warehouse.build_warehouse | Created fact_customer_churn_metrics with 5830 rows
2026-03-15 04:22:32,763 | INFO | warehouse.build_warehouse | Saving Star Schema tables to SQLite database.
2026-03-15 04:22:32,796 | INFO | warehouse.build_warehouse | Saved dim_customer_profile to SQLite with 5630 rows
2026-03-15 04:22:32,805 | INFO | warehouse.build_warehouse | Saved dim_login_device to SQLite with 2 rows
2026-03-15 04:22:32,831 | INFO | warehouse.build_warehouse | Saved dim_payment_method to SQLite with 5 rows
2026-03-15 04:22:32,839 | INFO | warehouse.build_warehouse | Saved dim_order_category to SQLite with 5 rows
2026-03-15 04:22:32,870 | INFO | warehouse.build_warehouse | Saved fact_customer_churn_metrics to SQLite with 5830 rows
2026-03-15 04:22:32,889 | INFO | warehouse.build_warehouse | Saved dim_customer_time_window to SQLite with 439 rows
2026-03-15 04:22:32,889 | INFO | warehouse.build_warehouse | Warehouse database saved at E:\Kenexai-Hackathon\data\gold\warehouse.db
2026-03-15 04:22:32,889 | INFO | warehouse.build_warehouse | Warehouse build completed successfully.
2026-03-15 04:22:32,939 | INFO | Running command: E:\Kenexai-Hackathon\.venv\Scripts\python.exe E:\Kenexai-Hackathon\ml\infer_batch.py --batch-id batch_20260314T225225Z_e3cd1b66
2026-03-15 04:22:34,571 | INFO | stdout: Scored batch_id=batch_20260314T225225Z_e3cd1b66
Prediction rows: 100
Saved latest CSV: E:\Kenexai-Hackathon\data\gold\latest_batch_predictions.csv
Saved DB table: fact_customer_churn_scoring_results
2026-03-15 04:22:34,596 | INFO | Batch processed successfully: batch_20260314T225225Z_e3cd1b66
2026-03-15 04:22:34,596 | INFO | Watcher run completed.
2026-03-15 04:25:17,848 | INFO | Discovered file batches this run: 3
2026-03-15 04:25:17,848 | INFO | Pending batches: 1
2026-03-15 04:25:17,848 | INFO | Processing batch: batch_20260314T225511Z_79218845
2026-03-15 04:25:19,877 | INFO | Running command: E:\Kenexai-Hackathon\.venv\Scripts\python.exe E:\Kenexai-Hackathon\etl\transform.py --input-path E:\Kenexai-Hackathon\data\bronze_branch\batch_20260314T225511Z_79218845.csv --batch-id batch_20260314T225511Z_79218845 --append
2026-03-15 04:25:20,348 | INFO | stdout: --- Initial Dataset Diagnostics ---
Shape: (100, 20)
Dtypes:
CustomerID                       int64
Churn                            int64
Tenure                         float64
PreferredLoginDevice            object
CityTier                         int64
WarehouseToHome                float64
PreferredPaymentMode            object
Gender                          object
HourSpendOnApp                 float64
NumberOfDeviceRegistered         int64
PreferedOrderCat                object
SatisfactionScore                int64
MaritalStatus                   object
NumberOfAddress                  int64
Complain                         int64
OrderAmountHikeFromlastYear    float64
CouponUsed                     float64
OrderCount                     float64
DaySinceLastOrder              float64
CashbackAmount                 float64
dtype: object
Missing values per column:
CustomerID                     0
Churn                          0
Tenure                         5
PreferredLoginDevice           0
CityTier                       0
WarehouseToHome                8
PreferredPaymentMode           0
Gender                         0
HourSpendOnApp                 4
NumberOfDeviceRegistered       0
PreferedOrderCat               0
SatisfactionScore              0
MaritalStatus                  0
NumberOfAddress                0
Complain                       0
OrderAmountHikeFromlastYear    5
CouponUsed                     4
OrderCount                     8
DaySinceLastOrder              6
CashbackAmount                 0
dtype: int64

Removed duplicate rows: 0
Rows removed by outlier filtering: 0

--- Cleaned Dataset Diagnostics ---
Shape: (100, 20)
Dtypes:
CustomerID                       int64
Churn                            int64
Tenure                         float64
PreferredLoginDevice            object
CityTier                         int64
WarehouseToHome                float64
PreferredPaymentMode            object
Gender                          object
HourSpendOnApp                 float64
NumberOfDeviceRegistered         int64
PreferedOrderCat                object
SatisfactionScore                int64
MaritalStatus                   object
NumberOfAddress                  int64
Complain                         int64
OrderAmountHikeFromlastYear    float64
CouponUsed                     float64
OrderCount                     float64
DaySinceLastOrder              float64
CashbackAmount                 float64
dtype: object
Missing values per column:
CustomerID                     0
Churn                          0
Tenure                         0
PreferredLoginDevice           0
CityTier                       0
WarehouseToHome                0
PreferredPaymentMode           0
Gender                         0
HourSpendOnApp                 0
NumberOfDeviceRegistered       0
PreferedOrderCat               0
SatisfactionScore              0
MaritalStatus                  0
NumberOfAddress                0
Complain                       0
OrderAmountHikeFromlastYear    0
CouponUsed                     0
OrderCount                     0
DaySinceLastOrder              0
CashbackAmount                 0
dtype: int64

Cleaned dataset saved successfully.
Rows: 100
Columns: 20
Saved to DB: E:\Kenexai-Hackathon\data\silver\silver_layer.db
Table name: silver_customer_churn_curated
Batch ID: batch_20260314T225511Z_79218845
2026-03-15 04:25:20,348 | WARNING | stderr: 2026-03-15 04:25:20,265 | INFO | etl.extract | Starting EXTRACT stage.
2026-03-15 04:25:20,265 | INFO | etl.extract | Source path: E:\Kenexai-Hackathon\data\bronze_branch\batch_20260314T225511Z_79218845.csv
2026-03-15 04:25:20,265 | INFO | etl.extract | Reading CSV source: E:\Kenexai-Hackathon\data\bronze_branch\batch_20260314T225511Z_79218845.csv
2026-03-15 04:25:20,280 | INFO | etl.extract | Dataset loaded successfully with shape: rows=100, cols=20
2026-03-15 04:25:20,280 | INFO | etl.extract | Column datatype inspection:
2026-03-15 04:25:20,280 | INFO | etl.extract |   - CustomerID: int64
2026-03-15 04:25:20,280 | INFO | etl.extract |   - Churn: int64
2026-03-15 04:25:20,280 | INFO | etl.extract |   - Tenure: float64
2026-03-15 04:25:20,280 | INFO | etl.extract |   - PreferredLoginDevice: object
2026-03-15 04:25:20,280 | INFO | etl.extract |   - CityTier: int64
2026-03-15 04:25:20,280 | INFO | etl.extract |   - WarehouseToHome: float64
2026-03-15 04:25:20,280 | INFO | etl.extract |   - PreferredPaymentMode: object
2026-03-15 04:25:20,280 | INFO | etl.extract |   - Gender: object
2026-03-15 04:25:20,280 | INFO | etl.extract |   - HourSpendOnApp: float64
2026-03-15 04:25:20,280 | INFO | etl.extract |   - NumberOfDeviceRegistered: int64
2026-03-15 04:25:20,280 | INFO | etl.extract |   - PreferedOrderCat: object
2026-03-15 04:25:20,280 | INFO | etl.extract |   - SatisfactionScore: int64
2026-03-15 04:25:20,280 | INFO | etl.extract |   - MaritalStatus: object
2026-03-15 04:25:20,280 | INFO | etl.extract |   - NumberOfAddress: int64
2026-03-15 04:25:20,280 | INFO | etl.extract |   - Complain: int64
2026-03-15 04:25:20,280 | INFO | etl.extract |   - OrderAmountHikeFromlastYear: float64
2026-03-15 04:25:20,280 | INFO | etl.extract |   - CouponUsed: float64
2026-03-15 04:25:20,280 | INFO | etl.extract |   - OrderCount: float64
2026-03-15 04:25:20,280 | INFO | etl.extract |   - DaySinceLastOrder: float64
2026-03-15 04:25:20,281 | INFO | etl.extract |   - CashbackAmount: float64
2026-03-15 04:25:20,281 | INFO | etl.extract | Sample preview (first 5 rows):
   CustomerID  Churn  Tenure  ... OrderCount  DaySinceLastOrder  CashbackAmount
0       54332      1     1.0  ...        2.0                1.0          148.25
1       51989      0    15.0  ...        1.0                3.0          152.31
2       53444      0    13.0  ...        NaN                9.0          233.80
3       54560      0     5.0  ...        4.0                3.0          147.18
4       54899      0    13.0  ...        NaN                9.0          252.42

[5 rows x 20 columns]
2026-03-15 04:25:20,286 | INFO | etl.extract | EXTRACT stage completed successfully.
2026-03-15 04:25:20,348 | INFO | Running command: E:\Kenexai-Hackathon\.venv\Scripts\python.exe E:\Kenexai-Hackathon\warehouse\build_warehouse.py
2026-03-15 04:25:20,971 | WARNING | stderr: 2026-03-15 04:25:20,736 | INFO | warehouse.build_warehouse | Starting warehouse build process (Silver -> Gold).
2026-03-15 04:25:20,765 | INFO | warehouse.build_warehouse | Loaded cleaned dataset from E:\Kenexai-Hackathon\data\silver\silver_layer.db (silver_customer_churn_curated)
2026-03-15 04:25:20,765 | INFO | warehouse.build_warehouse | Input dataset shape: rows=5930, cols=22
2026-03-15 04:25:20,771 | INFO | warehouse.build_warehouse | Building dimension tables.
2026-03-15 04:25:20,786 | INFO | warehouse.build_warehouse | Created dim_customer_profile with 5630 rows
2026-03-15 04:25:20,786 | INFO | warehouse.build_warehouse | Created dim_login_device with 2 rows
2026-03-15 04:25:20,786 | INFO | warehouse.build_warehouse | Created dim_payment_method with 5 rows
2026-03-15 04:25:20,786 | INFO | warehouse.build_warehouse | Created dim_order_category with 5 rows
2026-03-15 04:25:20,786 | INFO | warehouse.build_warehouse | Created dim_customer_time_window with 439 rows
2026-03-15 04:25:20,786 | INFO | warehouse.build_warehouse | Building fact table with surrogate-key references.
2026-03-15 04:25:20,798 | INFO | warehouse.build_warehouse | Validation passed: fact row count and foreign keys are valid.
2026-03-15 04:25:20,798 | INFO | warehouse.build_warehouse | Created fact_customer_churn_metrics with 5930 rows
2026-03-15 04:25:20,798 | INFO | warehouse.build_warehouse | Saving Star Schema tables to SQLite database.
2026-03-15 04:25:20,832 | INFO | warehouse.build_warehouse | Saved dim_customer_profile to SQLite with 5630 rows
2026-03-15 04:25:20,849 | INFO | warehouse.build_warehouse | Saved dim_login_device to SQLite with 2 rows
2026-03-15 04:25:20,864 | INFO | warehouse.build_warehouse | Saved dim_payment_method to SQLite with 5 rows
2026-03-15 04:25:20,864 | INFO | warehouse.build_warehouse | Saved dim_order_category to SQLite with 5 rows
2026-03-15 04:25:20,898 | INFO | warehouse.build_warehouse | Saved fact_customer_churn_metrics to SQLite with 5930 rows
2026-03-15 04:25:20,918 | INFO | warehouse.build_warehouse | Saved dim_customer_time_window to SQLite with 439 rows
2026-03-15 04:25:20,918 | INFO | warehouse.build_warehouse | Warehouse database saved at E:\Kenexai-Hackathon\data\gold\warehouse.db
2026-03-15 04:25:20,918 | INFO | warehouse.build_warehouse | Warehouse build completed successfully.
2026-03-15 04:25:20,971 | INFO | Running command: E:\Kenexai-Hackathon\.venv\Scripts\python.exe E:\Kenexai-Hackathon\ml\infer_batch.py --batch-id batch_20260314T225511Z_79218845
2026-03-15 04:25:22,298 | INFO | stdout: Scored batch_id=batch_20260314T225511Z_79218845
Prediction rows: 100
Saved latest CSV: E:\Kenexai-Hackathon\data\gold\latest_batch_predictions.csv
Saved DB table: fact_customer_churn_scoring_results
2026-03-15 04:25:22,331 | INFO | Batch processed successfully: batch_20260314T225511Z_79218845
2026-03-15 04:25:22,331 | INFO | Watcher run completed.
2026-03-15 04:58:19,823 | INFO | Discovered file batches this run: 4
2026-03-15 04:58:19,823 | INFO | Pending batches: 1
2026-03-15 04:58:19,823 | INFO | Processing batch: batch_20260314T232811Z_86863d1c
2026-03-15 04:58:21,837 | INFO | Running command: E:\Kenexai-Hackathon\.venv\Scripts\python.exe E:\Kenexai-Hackathon\etl\transform.py --input-path E:\Kenexai-Hackathon\data\bronze_branch\batch_20260314T232811Z_86863d1c.csv --batch-id batch_20260314T232811Z_86863d1c --append
2026-03-15 04:58:22,309 | INFO | stdout: --- Initial Dataset Diagnostics ---
Shape: (100, 20)
Dtypes:
CustomerID                       int64
Churn                            int64
Tenure                         float64
PreferredLoginDevice            object
CityTier                         int64
WarehouseToHome                float64
PreferredPaymentMode            object
Gender                          object
HourSpendOnApp                 float64
NumberOfDeviceRegistered         int64
PreferedOrderCat                object
SatisfactionScore                int64
MaritalStatus                   object
NumberOfAddress                  int64
Complain                         int64
OrderAmountHikeFromlastYear    float64
CouponUsed                     float64
OrderCount                     float64
DaySinceLastOrder              float64
CashbackAmount                 float64
dtype: object
Missing values per column:
CustomerID                     0
Churn                          0
Tenure                         5
PreferredLoginDevice           0
CityTier                       0
WarehouseToHome                8
PreferredPaymentMode           0
Gender                         0
HourSpendOnApp                 4
NumberOfDeviceRegistered       0
PreferedOrderCat               0
SatisfactionScore              0
MaritalStatus                  0
NumberOfAddress                0
Complain                       0
OrderAmountHikeFromlastYear    5
CouponUsed                     4
OrderCount                     8
DaySinceLastOrder              6
CashbackAmount                 0
dtype: int64

Removed duplicate rows: 0
Rows removed by outlier filtering: 0

--- Cleaned Dataset Diagnostics ---
Shape: (100, 20)
Dtypes:
CustomerID                       int64
Churn                            int64
Tenure                         float64
PreferredLoginDevice            object
CityTier                         int64
WarehouseToHome                float64
PreferredPaymentMode            object
Gender                          object
HourSpendOnApp                 float64
NumberOfDeviceRegistered         int64
PreferedOrderCat                object
SatisfactionScore                int64
MaritalStatus                   object
NumberOfAddress                  int64
Complain                         int64
OrderAmountHikeFromlastYear    float64
CouponUsed                     float64
OrderCount                     float64
DaySinceLastOrder              float64
CashbackAmount                 float64
dtype: object
Missing values per column:
CustomerID                     0
Churn                          0
Tenure                         0
PreferredLoginDevice           0
CityTier                       0
WarehouseToHome                0
PreferredPaymentMode           0
Gender                         0
HourSpendOnApp                 0
NumberOfDeviceRegistered       0
PreferedOrderCat               0
SatisfactionScore              0
MaritalStatus                  0
NumberOfAddress                0
Complain                       0
OrderAmountHikeFromlastYear    0
CouponUsed                     0
OrderCount                     0
DaySinceLastOrder              0
CashbackAmount                 0
dtype: int64

Cleaned dataset saved successfully.
Rows: 100
Columns: 20
Saved to DB: E:\Kenexai-Hackathon\data\silver\silver_layer.db
Table name: silver_customer_churn_curated
Batch ID: batch_20260314T232811Z_86863d1c
2026-03-15 04:58:22,309 | WARNING | stderr: 2026-03-15 04:58:22,230 | INFO | etl.extract | Starting EXTRACT stage.
2026-03-15 04:58:22,230 | INFO | etl.extract | Source path: E:\Kenexai-Hackathon\data\bronze_branch\batch_20260314T232811Z_86863d1c.csv
2026-03-15 04:58:22,230 | INFO | etl.extract | Reading CSV source: E:\Kenexai-Hackathon\data\bronze_branch\batch_20260314T232811Z_86863d1c.csv
2026-03-15 04:58:22,238 | INFO | etl.extract | Dataset loaded successfully with shape: rows=100, cols=20
2026-03-15 04:58:22,238 | INFO | etl.extract | Column datatype inspection:
2026-03-15 04:58:22,238 | INFO | etl.extract |   - CustomerID: int64
2026-03-15 04:58:22,238 | INFO | etl.extract |   - Churn: int64
2026-03-15 04:58:22,238 | INFO | etl.extract |   - Tenure: float64
2026-03-15 04:58:22,238 | INFO | etl.extract |   - PreferredLoginDevice: object
2026-03-15 04:58:22,238 | INFO | etl.extract |   - CityTier: int64
2026-03-15 04:58:22,238 | INFO | etl.extract |   - WarehouseToHome: float64
2026-03-15 04:58:22,238 | INFO | etl.extract |   - PreferredPaymentMode: object
2026-03-15 04:58:22,238 | INFO | etl.extract |   - Gender: object
2026-03-15 04:58:22,238 | INFO | etl.extract |   - HourSpendOnApp: float64
2026-03-15 04:58:22,238 | INFO | etl.extract |   - NumberOfDeviceRegistered: int64
2026-03-15 04:58:22,238 | INFO | etl.extract |   - PreferedOrderCat: object
2026-03-15 04:58:22,238 | INFO | etl.extract |   - SatisfactionScore: int64
2026-03-15 04:58:22,238 | INFO | etl.extract |   - MaritalStatus: object
2026-03-15 04:58:22,238 | INFO | etl.extract |   - NumberOfAddress: int64
2026-03-15 04:58:22,238 | INFO | etl.extract |   - Complain: int64
2026-03-15 04:58:22,238 | INFO | etl.extract |   - OrderAmountHikeFromlastYear: float64
2026-03-15 04:58:22,238 | INFO | etl.extract |   - CouponUsed: float64
2026-03-15 04:58:22,238 | INFO | etl.extract |   - OrderCount: float64
2026-03-15 04:58:22,238 | INFO | etl.extract |   - DaySinceLastOrder: float64
2026-03-15 04:58:22,238 | INFO | etl.extract |   - CashbackAmount: float64
2026-03-15 04:58:22,238 | INFO | etl.extract | Sample preview (first 5 rows):
   CustomerID  Churn  Tenure  ... OrderCount  DaySinceLastOrder  CashbackAmount
0       54332      1     1.0  ...        2.0                1.0          148.25
1       51989      0    15.0  ...        1.0                3.0          152.31
2       53444      0    13.0  ...        NaN                9.0          233.80
3       54560      0     5.0  ...        4.0                3.0          147.18
4       54899      0    13.0  ...        NaN                9.0          252.42

[5 rows x 20 columns]
2026-03-15 04:58:22,252 | INFO | etl.extract | EXTRACT stage completed successfully.
2026-03-15 04:58:32,354 | INFO | Discovered file batches this run: 6
2026-03-15 04:58:32,354 | INFO | Pending batches: 2
2026-03-15 04:58:32,354 | INFO | Processing batch: batch_20260314T232815Z_f460d653
2026-03-15 04:58:32,396 | ERROR | Batch failed: batch_20260314T232811Z_86863d1c
Traceback (most recent call last):
  File "E:\Kenexai-Hackathon\watcher.py", line 313, in process_batch
    update_registry_status(
  File "E:\Kenexai-Hackathon\watcher.py", line 170, in update_registry_status
    conn.execute(
sqlite3.OperationalError: database is locked
2026-03-15 04:58:32,396 | INFO | Watcher run completed.
2026-03-15 04:58:34,365 | INFO | Running command: E:\Kenexai-Hackathon\.venv\Scripts\python.exe E:\Kenexai-Hackathon\etl\transform.py --input-path E:\Kenexai-Hackathon\data\bronze_branch\batch_20260314T232815Z_f460d653.csv --batch-id batch_20260314T232815Z_f460d653 --append
2026-03-15 04:58:34,881 | INFO | stdout: --- Initial Dataset Diagnostics ---
Shape: (100, 20)
Dtypes:
CustomerID                       int64
Churn                            int64
Tenure                         float64
PreferredLoginDevice            object
CityTier                         int64
WarehouseToHome                float64
PreferredPaymentMode            object
Gender                          object
HourSpendOnApp                 float64
NumberOfDeviceRegistered         int64
PreferedOrderCat                object
SatisfactionScore                int64
MaritalStatus                   object
NumberOfAddress                  int64
Complain                         int64
OrderAmountHikeFromlastYear    float64
CouponUsed                     float64
OrderCount                     float64
DaySinceLastOrder              float64
CashbackAmount                 float64
dtype: object
Missing values per column:
CustomerID                     0
Churn                          0
Tenure                         5
PreferredLoginDevice           0
CityTier                       0
WarehouseToHome                8
PreferredPaymentMode           0
Gender                         0
HourSpendOnApp                 4
NumberOfDeviceRegistered       0
PreferedOrderCat               0
SatisfactionScore              0
MaritalStatus                  0
NumberOfAddress                0
Complain                       0
OrderAmountHikeFromlastYear    5
CouponUsed                     4
OrderCount                     8
DaySinceLastOrder              6
CashbackAmount                 0
dtype: int64

Removed duplicate rows: 0
Rows removed by outlier filtering: 0

--- Cleaned Dataset Diagnostics ---
Shape: (100, 20)
Dtypes:
CustomerID                       int64
Churn                            int64
Tenure                         float64
PreferredLoginDevice            object
CityTier                         int64
WarehouseToHome                float64
PreferredPaymentMode            object
Gender                          object
HourSpendOnApp                 float64
NumberOfDeviceRegistered         int64
PreferedOrderCat                object
SatisfactionScore                int64
MaritalStatus                   object
NumberOfAddress                  int64
Complain                         int64
OrderAmountHikeFromlastYear    float64
CouponUsed                     float64
OrderCount                     float64
DaySinceLastOrder              float64
CashbackAmount                 float64
dtype: object
Missing values per column:
CustomerID                     0
Churn                          0
Tenure                         0
PreferredLoginDevice           0
CityTier                       0
WarehouseToHome                0
PreferredPaymentMode           0
Gender                         0
HourSpendOnApp                 0
NumberOfDeviceRegistered       0
PreferedOrderCat               0
SatisfactionScore              0
MaritalStatus                  0
NumberOfAddress                0
Complain                       0
OrderAmountHikeFromlastYear    0
CouponUsed                     0
OrderCount                     0
DaySinceLastOrder              0
CashbackAmount                 0
dtype: int64

Cleaned dataset saved successfully.
Rows: 100
Columns: 20
Saved to DB: E:\Kenexai-Hackathon\data\silver\silver_layer.db
Table name: silver_customer_churn_curated
Batch ID: batch_20260314T232815Z_f460d653
2026-03-15 04:58:34,881 | WARNING | stderr: 2026-03-15 04:58:34,805 | INFO | etl.extract | Starting EXTRACT stage.
2026-03-15 04:58:34,805 | INFO | etl.extract | Source path: E:\Kenexai-Hackathon\data\bronze_branch\batch_20260314T232815Z_f460d653.csv
2026-03-15 04:58:34,805 | INFO | etl.extract | Reading CSV source: E:\Kenexai-Hackathon\data\bronze_branch\batch_20260314T232815Z_f460d653.csv
2026-03-15 04:58:34,805 | INFO | etl.extract | Dataset loaded successfully with shape: rows=100, cols=20
2026-03-15 04:58:34,805 | INFO | etl.extract | Column datatype inspection:
2026-03-15 04:58:34,805 | INFO | etl.extract |   - CustomerID: int64
2026-03-15 04:58:34,805 | INFO | etl.extract |   - Churn: int64
2026-03-15 04:58:34,805 | INFO | etl.extract |   - Tenure: float64
2026-03-15 04:58:34,805 | INFO | etl.extract |   - PreferredLoginDevice: object
2026-03-15 04:58:34,805 | INFO | etl.extract |   - CityTier: int64
2026-03-15 04:58:34,805 | INFO | etl.extract |   - WarehouseToHome: float64
2026-03-15 04:58:34,805 | INFO | etl.extract |   - PreferredPaymentMode: object
2026-03-15 04:58:34,805 | INFO | etl.extract |   - Gender: object
2026-03-15 04:58:34,805 | INFO | etl.extract |   - HourSpendOnApp: float64
2026-03-15 04:58:34,805 | INFO | etl.extract |   - NumberOfDeviceRegistered: int64
2026-03-15 04:58:34,805 | INFO | etl.extract |   - PreferedOrderCat: object
2026-03-15 04:58:34,805 | INFO | etl.extract |   - SatisfactionScore: int64
2026-03-15 04:58:34,805 | INFO | etl.extract |   - MaritalStatus: object
2026-03-15 04:58:34,805 | INFO | etl.extract |   - NumberOfAddress: int64
2026-03-15 04:58:34,805 | INFO | etl.extract |   - Complain: int64
2026-03-15 04:58:34,805 | INFO | etl.extract |   - OrderAmountHikeFromlastYear: float64
2026-03-15 04:58:34,805 | INFO | etl.extract |   - CouponUsed: float64
2026-03-15 04:58:34,805 | INFO | etl.extract |   - OrderCount: float64
2026-03-15 04:58:34,805 | INFO | etl.extract |   - DaySinceLastOrder: float64
2026-03-15 04:58:34,805 | INFO | etl.extract |   - CashbackAmount: float64
2026-03-15 04:58:34,805 | INFO | etl.extract | Sample preview (first 5 rows):
   CustomerID  Churn  Tenure  ... OrderCount  DaySinceLastOrder  CashbackAmount
0       54332      1     1.0  ...        2.0                1.0          148.25
1       51989      0    15.0  ...        1.0                3.0          152.31
2       53444      0    13.0  ...        NaN                9.0          233.80
3       54560      0     5.0  ...        4.0                3.0          147.18
4       54899      0    13.0  ...        NaN                9.0          252.42

[5 rows x 20 columns]
2026-03-15 04:58:34,816 | INFO | etl.extract | EXTRACT stage completed successfully.
2026-03-15 04:58:34,881 | INFO | Running command: E:\Kenexai-Hackathon\.venv\Scripts\python.exe E:\Kenexai-Hackathon\warehouse\build_warehouse.py
2026-03-15 04:58:35,500 | WARNING | stderr: 2026-03-15 04:58:35,267 | INFO | warehouse.build_warehouse | Starting warehouse build process (Silver -> Gold).
2026-03-15 04:58:35,300 | INFO | warehouse.build_warehouse | Loaded cleaned dataset from E:\Kenexai-Hackathon\data\silver\silver_layer.db (silver_customer_churn_curated)
2026-03-15 04:58:35,300 | INFO | warehouse.build_warehouse | Input dataset shape: rows=6130, cols=22
2026-03-15 04:58:35,300 | INFO | warehouse.build_warehouse | Building dimension tables.
2026-03-15 04:58:35,317 | INFO | warehouse.build_warehouse | Created dim_customer_profile with 5630 rows
2026-03-15 04:58:35,317 | INFO | warehouse.build_warehouse | Created dim_login_device with 2 rows
2026-03-15 04:58:35,317 | INFO | warehouse.build_warehouse | Created dim_payment_method with 5 rows
2026-03-15 04:58:35,317 | INFO | warehouse.build_warehouse | Created dim_order_category with 5 rows
2026-03-15 04:58:35,317 | INFO | warehouse.build_warehouse | Created dim_customer_time_window with 439 rows
2026-03-15 04:58:35,317 | INFO | warehouse.build_warehouse | Building fact table with surrogate-key references.
2026-03-15 04:58:35,331 | INFO | warehouse.build_warehouse | Validation passed: fact row count and foreign keys are valid.
2026-03-15 04:58:35,331 | INFO | warehouse.build_warehouse | Created fact_customer_churn_metrics with 6130 rows
2026-03-15 04:58:35,346 | INFO | warehouse.build_warehouse | Saving Star Schema tables to SQLite database.
2026-03-15 04:58:35,365 | INFO | warehouse.build_warehouse | Saved dim_customer_profile to SQLite with 5630 rows
2026-03-15 04:58:35,381 | INFO | warehouse.build_warehouse | Saved dim_login_device to SQLite with 2 rows
2026-03-15 04:58:35,397 | INFO | warehouse.build_warehouse | Saved dim_payment_method to SQLite with 5 rows
2026-03-15 04:58:35,406 | INFO | warehouse.build_warehouse | Saved dim_order_category to SQLite with 5 rows
2026-03-15 04:58:35,431 | INFO | warehouse.build_warehouse | Saved fact_customer_churn_metrics to SQLite with 6130 rows
2026-03-15 04:58:35,448 | INFO | warehouse.build_warehouse | Saved dim_customer_time_window to SQLite with 439 rows
2026-03-15 04:58:35,448 | INFO | warehouse.build_warehouse | Warehouse database saved at E:\Kenexai-Hackathon\data\gold\warehouse.db
2026-03-15 04:58:35,448 | INFO | warehouse.build_warehouse | Warehouse build completed successfully.
2026-03-15 04:58:35,500 | INFO | Running command: E:\Kenexai-Hackathon\.venv\Scripts\python.exe E:\Kenexai-Hackathon\ml\infer_batch.py --batch-id batch_20260314T232815Z_f460d653
2026-03-15 04:58:36,904 | INFO | stdout: Scored batch_id=batch_20260314T232815Z_f460d653
Prediction rows: 100
Saved latest CSV: E:\Kenexai-Hackathon\data\gold\latest_batch_predictions.csv
Saved DB table: fact_customer_churn_scoring_results
2026-03-15 04:58:36,930 | INFO | Batch processed successfully: batch_20260314T232815Z_f460d653
2026-03-15 04:58:36,930 | INFO | Processing batch: batch_20260314T232816Z_7a700b65
2026-03-15 04:58:38,948 | INFO | Running command: E:\Kenexai-Hackathon\.venv\Scripts\python.exe E:\Kenexai-Hackathon\etl\transform.py --input-path E:\Kenexai-Hackathon\data\bronze_branch\batch_20260314T232816Z_7a700b65.csv --batch-id batch_20260314T232816Z_7a700b65 --append
2026-03-15 04:58:39,432 | INFO | stdout: --- Initial Dataset Diagnostics ---
Shape: (100, 20)
Dtypes:
CustomerID                       int64
Churn                            int64
Tenure                         float64
PreferredLoginDevice            object
CityTier                         int64
WarehouseToHome                float64
PreferredPaymentMode            object
Gender                          object
HourSpendOnApp                 float64
NumberOfDeviceRegistered         int64
PreferedOrderCat                object
SatisfactionScore                int64
MaritalStatus                   object
NumberOfAddress                  int64
Complain                         int64
OrderAmountHikeFromlastYear    float64
CouponUsed                     float64
OrderCount                     float64
DaySinceLastOrder              float64
CashbackAmount                 float64
dtype: object
Missing values per column:
CustomerID                     0
Churn                          0
Tenure                         5
PreferredLoginDevice           0
CityTier                       0
WarehouseToHome                8
PreferredPaymentMode           0
Gender                         0
HourSpendOnApp                 4
NumberOfDeviceRegistered       0
PreferedOrderCat               0
SatisfactionScore              0
MaritalStatus                  0
NumberOfAddress                0
Complain                       0
OrderAmountHikeFromlastYear    5
CouponUsed                     4
OrderCount                     8
DaySinceLastOrder              6
CashbackAmount                 0
dtype: int64

Removed duplicate rows: 0
Rows removed by outlier filtering: 0

--- Cleaned Dataset Diagnostics ---
Shape: (100, 20)
Dtypes:
CustomerID                       int64
Churn                            int64
Tenure                         float64
PreferredLoginDevice            object
CityTier                         int64
WarehouseToHome                float64
PreferredPaymentMode            object
Gender                          object
HourSpendOnApp                 float64
NumberOfDeviceRegistered         int64
PreferedOrderCat                object
SatisfactionScore                int64
MaritalStatus                   object
NumberOfAddress                  int64
Complain                         int64
OrderAmountHikeFromlastYear    float64
CouponUsed                     float64
OrderCount                     float64
DaySinceLastOrder              float64
CashbackAmount                 float64
dtype: object
Missing values per column:
CustomerID                     0
Churn                          0
Tenure                         0
PreferredLoginDevice           0
CityTier                       0
WarehouseToHome                0
PreferredPaymentMode           0
Gender                         0
HourSpendOnApp                 0
NumberOfDeviceRegistered       0
PreferedOrderCat               0
SatisfactionScore              0
MaritalStatus                  0
NumberOfAddress                0
Complain                       0
OrderAmountHikeFromlastYear    0
CouponUsed                     0
OrderCount                     0
DaySinceLastOrder              0
CashbackAmount                 0
dtype: int64

Cleaned dataset saved successfully.
Rows: 100
Columns: 20
Saved to DB: E:\Kenexai-Hackathon\data\silver\silver_layer.db
Table name: silver_customer_churn_curated
Batch ID: batch_20260314T232816Z_7a700b65
2026-03-15 04:58:39,432 | WARNING | stderr: 2026-03-15 04:58:39,350 | INFO | etl.extract | Starting EXTRACT stage.
2026-03-15 04:58:39,350 | INFO | etl.extract | Source path: E:\Kenexai-Hackathon\data\bronze_branch\batch_20260314T232816Z_7a700b65.csv
2026-03-15 04:58:39,350 | INFO | etl.extract | Reading CSV source: E:\Kenexai-Hackathon\data\bronze_branch\batch_20260314T232816Z_7a700b65.csv
2026-03-15 04:58:39,354 | INFO | etl.extract | Dataset loaded successfully with shape: rows=100, cols=20
2026-03-15 04:58:39,354 | INFO | etl.extract | Column datatype inspection:
2026-03-15 04:58:39,354 | INFO | etl.extract |   - CustomerID: int64
2026-03-15 04:58:39,354 | INFO | etl.extract |   - Churn: int64
2026-03-15 04:58:39,354 | INFO | etl.extract |   - Tenure: float64
2026-03-15 04:58:39,354 | INFO | etl.extract |   - PreferredLoginDevice: object
2026-03-15 04:58:39,354 | INFO | etl.extract |   - CityTier: int64
2026-03-15 04:58:39,354 | INFO | etl.extract |   - WarehouseToHome: float64
2026-03-15 04:58:39,354 | INFO | etl.extract |   - PreferredPaymentMode: object
2026-03-15 04:58:39,354 | INFO | etl.extract |   - Gender: object
2026-03-15 04:58:39,354 | INFO | etl.extract |   - HourSpendOnApp: float64
2026-03-15 04:58:39,354 | INFO | etl.extract |   - NumberOfDeviceRegistered: int64
2026-03-15 04:58:39,354 | INFO | etl.extract |   - PreferedOrderCat: object
2026-03-15 04:58:39,354 | INFO | etl.extract |   - SatisfactionScore: int64
2026-03-15 04:58:39,354 | INFO | etl.extract |   - MaritalStatus: object
2026-03-15 04:58:39,354 | INFO | etl.extract |   - NumberOfAddress: int64
2026-03-15 04:58:39,354 | INFO | etl.extract |   - Complain: int64
2026-03-15 04:58:39,354 | INFO | etl.extract |   - OrderAmountHikeFromlastYear: float64
2026-03-15 04:58:39,354 | INFO | etl.extract |   - CouponUsed: float64
2026-03-15 04:58:39,355 | INFO | etl.extract |   - OrderCount: float64
2026-03-15 04:58:39,355 | INFO | etl.extract |   - DaySinceLastOrder: float64
2026-03-15 04:58:39,355 | INFO | etl.extract |   - CashbackAmount: float64
2026-03-15 04:58:39,355 | INFO | etl.extract | Sample preview (first 5 rows):
   CustomerID  Churn  Tenure  ... OrderCount  DaySinceLastOrder  CashbackAmount
0       54332      1     1.0  ...        2.0                1.0          148.25
1       51989      0    15.0  ...        1.0                3.0          152.31
2       53444      0    13.0  ...        NaN                9.0          233.80
3       54560      0     5.0  ...        4.0                3.0          147.18
4       54899      0    13.0  ...        NaN                9.0          252.42

[5 rows x 20 columns]
2026-03-15 04:58:39,365 | INFO | etl.extract | EXTRACT stage completed successfully.
2026-03-15 04:58:39,432 | INFO | Running command: E:\Kenexai-Hackathon\.venv\Scripts\python.exe E:\Kenexai-Hackathon\warehouse\build_warehouse.py
2026-03-15 04:58:40,046 | WARNING | stderr: 2026-03-15 04:58:39,820 | INFO | warehouse.build_warehouse | Starting warehouse build process (Silver -> Gold).
2026-03-15 04:58:39,851 | INFO | warehouse.build_warehouse | Loaded cleaned dataset from E:\Kenexai-Hackathon\data\silver\silver_layer.db (silver_customer_churn_curated)
2026-03-15 04:58:39,851 | INFO | warehouse.build_warehouse | Input dataset shape: rows=6230, cols=22
2026-03-15 04:58:39,867 | INFO | warehouse.build_warehouse | Building dimension tables.
2026-03-15 04:58:39,876 | INFO | warehouse.build_warehouse | Created dim_customer_profile with 5630 rows
2026-03-15 04:58:39,876 | INFO | warehouse.build_warehouse | Created dim_login_device with 2 rows
2026-03-15 04:58:39,876 | INFO | warehouse.build_warehouse | Created dim_payment_method with 5 rows
2026-03-15 04:58:39,876 | INFO | warehouse.build_warehouse | Created dim_order_category with 5 rows
2026-03-15 04:58:39,876 | INFO | warehouse.build_warehouse | Created dim_customer_time_window with 439 rows
2026-03-15 04:58:39,876 | INFO | warehouse.build_warehouse | Building fact table with surrogate-key references.
2026-03-15 04:58:39,890 | INFO | warehouse.build_warehouse | Validation passed: fact row count and foreign keys are valid.
2026-03-15 04:58:39,891 | INFO | warehouse.build_warehouse | Created fact_customer_churn_metrics with 6230 rows
2026-03-15 04:58:39,891 | INFO | warehouse.build_warehouse | Saving Star Schema tables to SQLite database.
2026-03-15 04:58:39,914 | INFO | warehouse.build_warehouse | Saved dim_customer_profile to SQLite with 5630 rows
2026-03-15 04:58:39,938 | INFO | warehouse.build_warehouse | Saved dim_login_device to SQLite with 2 rows
2026-03-15 04:58:39,951 | INFO | warehouse.build_warehouse | Saved dim_payment_method to SQLite with 5 rows
2026-03-15 04:58:39,964 | INFO | warehouse.build_warehouse | Saved dim_order_category to SQLite with 5 rows
2026-03-15 04:58:39,990 | INFO | warehouse.build_warehouse | Saved fact_customer_churn_metrics to SQLite with 6230 rows
2026-03-15 04:58:40,004 | INFO | warehouse.build_warehouse | Saved dim_customer_time_window to SQLite with 439 rows
2026-03-15 04:58:40,004 | INFO | warehouse.build_warehouse | Warehouse database saved at E:\Kenexai-Hackathon\data\gold\warehouse.db
2026-03-15 04:58:40,004 | INFO | warehouse.build_warehouse | Warehouse build completed successfully.
2026-03-15 04:58:40,046 | INFO | Running command: E:\Kenexai-Hackathon\.venv\Scripts\python.exe E:\Kenexai-Hackathon\ml\infer_batch.py --batch-id batch_20260314T232816Z_7a700b65
2026-03-15 04:58:41,394 | INFO | stdout: Scored batch_id=batch_20260314T232816Z_7a700b65
Prediction rows: 100
Saved latest CSV: E:\Kenexai-Hackathon\data\gold\latest_batch_predictions.csv
Saved DB table: fact_customer_churn_scoring_results
2026-03-15 04:58:41,410 | INFO | Batch processed successfully: batch_20260314T232816Z_7a700b65
2026-03-15 04:58:41,410 | INFO | Watcher run completed.
2026-03-15 05:00:20,853 | INFO | Discovered file batches this run: 7
2026-03-15 05:00:20,853 | INFO | Pending batches: 2
2026-03-15 05:00:20,853 | INFO | Processing batch: batch_20260314T232811Z_86863d1c
2026-03-15 05:00:22,877 | INFO | Running command: E:\Kenexai-Hackathon\.venv\Scripts\python.exe E:\Kenexai-Hackathon\etl\transform.py --input-path E:\Kenexai-Hackathon\data\bronze_branch\batch_20260314T232811Z_86863d1c.csv --batch-id batch_20260314T232811Z_86863d1c --append
2026-03-15 05:00:23,351 | INFO | stdout: --- Initial Dataset Diagnostics ---
Shape: (100, 20)
Dtypes:
CustomerID                       int64
Churn                            int64
Tenure                         float64
PreferredLoginDevice            object
CityTier                         int64
WarehouseToHome                float64
PreferredPaymentMode            object
Gender                          object
HourSpendOnApp                 float64
NumberOfDeviceRegistered         int64
PreferedOrderCat                object
SatisfactionScore                int64
MaritalStatus                   object
NumberOfAddress                  int64
Complain                         int64
OrderAmountHikeFromlastYear    float64
CouponUsed                     float64
OrderCount                     float64
DaySinceLastOrder              float64
CashbackAmount                 float64
dtype: object
Missing values per column:
CustomerID                     0
Churn                          0
Tenure                         5
PreferredLoginDevice           0
CityTier                       0
WarehouseToHome                8
PreferredPaymentMode           0
Gender                         0
HourSpendOnApp                 4
NumberOfDeviceRegistered       0
PreferedOrderCat               0
SatisfactionScore              0
MaritalStatus                  0
NumberOfAddress                0
Complain                       0
OrderAmountHikeFromlastYear    5
CouponUsed                     4
OrderCount                     8
DaySinceLastOrder              6
CashbackAmount                 0
dtype: int64

Removed duplicate rows: 0
Rows removed by outlier filtering: 0

--- Cleaned Dataset Diagnostics ---
Shape: (100, 20)
Dtypes:
CustomerID                       int64
Churn                            int64
Tenure                         float64
PreferredLoginDevice            object
CityTier                         int64
WarehouseToHome                float64
PreferredPaymentMode            object
Gender                          object
HourSpendOnApp                 float64
NumberOfDeviceRegistered         int64
PreferedOrderCat                object
SatisfactionScore                int64
MaritalStatus                   object
NumberOfAddress                  int64
Complain                         int64
OrderAmountHikeFromlastYear    float64
CouponUsed                     float64
OrderCount                     float64
DaySinceLastOrder              float64
CashbackAmount                 float64
dtype: object
Missing values per column:
CustomerID                     0
Churn                          0
Tenure                         0
PreferredLoginDevice           0
CityTier                       0
WarehouseToHome                0
PreferredPaymentMode           0
Gender                         0
HourSpendOnApp                 0
NumberOfDeviceRegistered       0
PreferedOrderCat               0
SatisfactionScore              0
MaritalStatus                  0
NumberOfAddress                0
Complain                       0
OrderAmountHikeFromlastYear    0
CouponUsed                     0
OrderCount                     0
DaySinceLastOrder              0
CashbackAmount                 0
dtype: int64

Cleaned dataset saved successfully.
Rows: 100
Columns: 20
Saved to DB: E:\Kenexai-Hackathon\data\silver\silver_layer.db
Table name: silver_customer_churn_curated
Batch ID: batch_20260314T232811Z_86863d1c
2026-03-15 05:00:23,353 | WARNING | stderr: 2026-03-15 05:00:23,269 | INFO | etl.extract | Starting EXTRACT stage.
2026-03-15 05:00:23,269 | INFO | etl.extract | Source path: E:\Kenexai-Hackathon\data\bronze_branch\batch_20260314T232811Z_86863d1c.csv
2026-03-15 05:00:23,269 | INFO | etl.extract | Reading CSV source: E:\Kenexai-Hackathon\data\bronze_branch\batch_20260314T232811Z_86863d1c.csv
2026-03-15 05:00:23,269 | INFO | etl.extract | Dataset loaded successfully with shape: rows=100, cols=20
2026-03-15 05:00:23,269 | INFO | etl.extract | Column datatype inspection:
2026-03-15 05:00:23,279 | INFO | etl.extract |   - CustomerID: int64
2026-03-15 05:00:23,279 | INFO | etl.extract |   - Churn: int64
2026-03-15 05:00:23,279 | INFO | etl.extract |   - Tenure: float64
2026-03-15 05:00:23,279 | INFO | etl.extract |   - PreferredLoginDevice: object
2026-03-15 05:00:23,279 | INFO | etl.extract |   - CityTier: int64
2026-03-15 05:00:23,279 | INFO | etl.extract |   - WarehouseToHome: float64
2026-03-15 05:00:23,279 | INFO | etl.extract |   - PreferredPaymentMode: object
2026-03-15 05:00:23,279 | INFO | etl.extract |   - Gender: object
2026-03-15 05:00:23,279 | INFO | etl.extract |   - HourSpendOnApp: float64
2026-03-15 05:00:23,279 | INFO | etl.extract |   - NumberOfDeviceRegistered: int64
2026-03-15 05:00:23,279 | INFO | etl.extract |   - PreferedOrderCat: object
2026-03-15 05:00:23,279 | INFO | etl.extract |   - SatisfactionScore: int64
2026-03-15 05:00:23,279 | INFO | etl.extract |   - MaritalStatus: object
2026-03-15 05:00:23,279 | INFO | etl.extract |   - NumberOfAddress: int64
2026-03-15 05:00:23,279 | INFO | etl.extract |   - Complain: int64
2026-03-15 05:00:23,279 | INFO | etl.extract |   - OrderAmountHikeFromlastYear: float64
2026-03-15 05:00:23,279 | INFO | etl.extract |   - CouponUsed: float64
2026-03-15 05:00:23,279 | INFO | etl.extract |   - OrderCount: float64
2026-03-15 05:00:23,279 | INFO | etl.extract |   - DaySinceLastOrder: float64
2026-03-15 05:00:23,279 | INFO | etl.extract |   - CashbackAmount: float64
2026-03-15 05:00:23,279 | INFO | etl.extract | Sample preview (first 5 rows):
   CustomerID  Churn  Tenure  ... OrderCount  DaySinceLastOrder  CashbackAmount
0       54332      1     1.0  ...        2.0                1.0          148.25
1       51989      0    15.0  ...        1.0                3.0          152.31
2       53444      0    13.0  ...        NaN                9.0          233.80
3       54560      0     5.0  ...        4.0                3.0          147.18
4       54899      0    13.0  ...        NaN                9.0          252.42

[5 rows x 20 columns]
2026-03-15 05:00:23,287 | INFO | etl.extract | EXTRACT stage completed successfully.
2026-03-15 05:00:23,353 | INFO | Running command: E:\Kenexai-Hackathon\.venv\Scripts\python.exe E:\Kenexai-Hackathon\warehouse\build_warehouse.py
2026-03-15 05:00:23,977 | WARNING | stderr: 2026-03-15 05:00:23,736 | INFO | warehouse.build_warehouse | Starting warehouse build process (Silver -> Gold).
2026-03-15 05:00:23,770 | INFO | warehouse.build_warehouse | Loaded cleaned dataset from E:\Kenexai-Hackathon\data\silver\silver_layer.db (silver_customer_churn_curated)
2026-03-15 05:00:23,770 | INFO | warehouse.build_warehouse | Input dataset shape: rows=6330, cols=22
2026-03-15 05:00:23,770 | INFO | warehouse.build_warehouse | Building dimension tables.
2026-03-15 05:00:23,786 | INFO | warehouse.build_warehouse | Created dim_customer_profile with 5630 rows
2026-03-15 05:00:23,786 | INFO | warehouse.build_warehouse | Created dim_login_device with 2 rows
2026-03-15 05:00:23,786 | INFO | warehouse.build_warehouse | Created dim_payment_method with 5 rows
2026-03-15 05:00:23,786 | INFO | warehouse.build_warehouse | Created dim_order_category with 5 rows
2026-03-15 05:00:23,786 | INFO | warehouse.build_warehouse | Created dim_customer_time_window with 439 rows
2026-03-15 05:00:23,786 | INFO | warehouse.build_warehouse | Building fact table with surrogate-key references.
2026-03-15 05:00:23,804 | INFO | warehouse.build_warehouse | Validation passed: fact row count and foreign keys are valid.
2026-03-15 05:00:23,804 | INFO | warehouse.build_warehouse | Created fact_customer_churn_metrics with 6330 rows
2026-03-15 05:00:23,804 | INFO | warehouse.build_warehouse | Saving Star Schema tables to SQLite database.
2026-03-15 05:00:23,837 | INFO | warehouse.build_warehouse | Saved dim_customer_profile to SQLite with 5630 rows
2026-03-15 05:00:23,853 | INFO | warehouse.build_warehouse | Saved dim_login_device to SQLite with 2 rows
2026-03-15 05:00:23,870 | INFO | warehouse.build_warehouse | Saved dim_payment_method to SQLite with 5 rows
2026-03-15 05:00:23,881 | INFO | warehouse.build_warehouse | Saved dim_order_category to SQLite with 5 rows
2026-03-15 05:00:23,903 | INFO | warehouse.build_warehouse | Saved fact_customer_churn_metrics to SQLite with 6330 rows
2026-03-15 05:00:23,920 | INFO | warehouse.build_warehouse | Saved dim_customer_time_window to SQLite with 439 rows
2026-03-15 05:00:23,920 | INFO | warehouse.build_warehouse | Warehouse database saved at E:\Kenexai-Hackathon\data\gold\warehouse.db
2026-03-15 05:00:23,920 | INFO | warehouse.build_warehouse | Warehouse build completed successfully.
2026-03-15 05:00:23,990 | INFO | Running command: E:\Kenexai-Hackathon\.venv\Scripts\python.exe E:\Kenexai-Hackathon\ml\infer_batch.py --batch-id batch_20260314T232811Z_86863d1c
2026-03-15 05:00:25,318 | INFO | stdout: Scored batch_id=batch_20260314T232811Z_86863d1c
Prediction rows: 200
Saved latest CSV: E:\Kenexai-Hackathon\data\gold\latest_batch_predictions.csv
Saved DB table: fact_customer_churn_scoring_results
2026-03-15 05:00:25,336 | INFO | Batch processed successfully: batch_20260314T232811Z_86863d1c
2026-03-15 05:00:25,336 | INFO | Processing batch: batch_20260314T233006Z_5cf62f94
2026-03-15 05:00:27,354 | INFO | Running command: E:\Kenexai-Hackathon\.venv\Scripts\python.exe E:\Kenexai-Hackathon\etl\transform.py --input-path E:\Kenexai-Hackathon\data\bronze_branch\batch_20260314T233006Z_5cf62f94.csv --batch-id batch_20260314T233006Z_5cf62f94 --append
2026-03-15 05:00:27,857 | INFO | stdout: --- Initial Dataset Diagnostics ---
Shape: (100, 20)
Dtypes:
CustomerID                       int64
Churn                            int64
Tenure                         float64
PreferredLoginDevice            object
CityTier                         int64
WarehouseToHome                float64
PreferredPaymentMode            object
Gender                          object
HourSpendOnApp                 float64
NumberOfDeviceRegistered         int64
PreferedOrderCat                object
SatisfactionScore                int64
MaritalStatus                   object
NumberOfAddress                  int64
Complain                         int64
OrderAmountHikeFromlastYear    float64
CouponUsed                     float64
OrderCount                     float64
DaySinceLastOrder              float64
CashbackAmount                 float64
dtype: object
Missing values per column:
CustomerID                     0
Churn                          0
Tenure                         5
PreferredLoginDevice           0
CityTier                       0
WarehouseToHome                8
PreferredPaymentMode           0
Gender                         0
HourSpendOnApp                 4
NumberOfDeviceRegistered       0
PreferedOrderCat               0
SatisfactionScore              0
MaritalStatus                  0
NumberOfAddress                0
Complain                       0
OrderAmountHikeFromlastYear    5
CouponUsed                     4
OrderCount                     8
DaySinceLastOrder              6
CashbackAmount                 0
dtype: int64

Removed duplicate rows: 0
Rows removed by outlier filtering: 0

--- Cleaned Dataset Diagnostics ---
Shape: (100, 20)
Dtypes:
CustomerID                       int64
Churn                            int64
Tenure                         float64
PreferredLoginDevice            object
CityTier                         int64
WarehouseToHome                float64
PreferredPaymentMode            object
Gender                          object
HourSpendOnApp                 float64
NumberOfDeviceRegistered         int64
PreferedOrderCat                object
SatisfactionScore                int64
MaritalStatus                   object
NumberOfAddress                  int64
Complain                         int64
OrderAmountHikeFromlastYear    float64
CouponUsed                     float64
OrderCount                     float64
DaySinceLastOrder              float64
CashbackAmount                 float64
dtype: object
Missing values per column:
CustomerID                     0
Churn                          0
Tenure                         0
PreferredLoginDevice           0
CityTier                       0
WarehouseToHome                0
PreferredPaymentMode           0
Gender                         0
HourSpendOnApp                 0
NumberOfDeviceRegistered       0
PreferedOrderCat               0
SatisfactionScore              0
MaritalStatus                  0
NumberOfAddress                0
Complain                       0
OrderAmountHikeFromlastYear    0
CouponUsed                     0
OrderCount                     0
DaySinceLastOrder              0
CashbackAmount                 0
dtype: int64

Cleaned dataset saved successfully.
Rows: 100
Columns: 20
Saved to DB: E:\Kenexai-Hackathon\data\silver\silver_layer.db
Table name: silver_customer_churn_curated
Batch ID: batch_20260314T233006Z_5cf62f94
2026-03-15 05:00:27,857 | WARNING | stderr: 2026-03-15 05:00:27,772 | INFO | etl.extract | Starting EXTRACT stage.
2026-03-15 05:00:27,772 | INFO | etl.extract | Source path: E:\Kenexai-Hackathon\data\bronze_branch\batch_20260314T233006Z_5cf62f94.csv
2026-03-15 05:00:27,772 | INFO | etl.extract | Reading CSV source: E:\Kenexai-Hackathon\data\bronze_branch\batch_20260314T233006Z_5cf62f94.csv
2026-03-15 05:00:27,774 | INFO | etl.extract | Dataset loaded successfully with shape: rows=100, cols=20
2026-03-15 05:00:27,774 | INFO | etl.extract | Column datatype inspection:
2026-03-15 05:00:27,774 | INFO | etl.extract |   - CustomerID: int64
2026-03-15 05:00:27,774 | INFO | etl.extract |   - Churn: int64
2026-03-15 05:00:27,774 | INFO | etl.extract |   - Tenure: float64
2026-03-15 05:00:27,774 | INFO | etl.extract |   - PreferredLoginDevice: object
2026-03-15 05:00:27,774 | INFO | etl.extract |   - CityTier: int64
2026-03-15 05:00:27,774 | INFO | etl.extract |   - WarehouseToHome: float64
2026-03-15 05:00:27,774 | INFO | etl.extract |   - PreferredPaymentMode: object
2026-03-15 05:00:27,774 | INFO | etl.extract |   - Gender: object
2026-03-15 05:00:27,774 | INFO | etl.extract |   - HourSpendOnApp: float64
2026-03-15 05:00:27,774 | INFO | etl.extract |   - NumberOfDeviceRegistered: int64
2026-03-15 05:00:27,774 | INFO | etl.extract |   - PreferedOrderCat: object
2026-03-15 05:00:27,774 | INFO | etl.extract |   - SatisfactionScore: int64
2026-03-15 05:00:27,774 | INFO | etl.extract |   - MaritalStatus: object
2026-03-15 05:00:27,774 | INFO | etl.extract |   - NumberOfAddress: int64
2026-03-15 05:00:27,774 | INFO | etl.extract |   - Complain: int64
2026-03-15 05:00:27,774 | INFO | etl.extract |   - OrderAmountHikeFromlastYear: float64
2026-03-15 05:00:27,774 | INFO | etl.extract |   - CouponUsed: float64
2026-03-15 05:00:27,774 | INFO | etl.extract |   - OrderCount: float64
2026-03-15 05:00:27,774 | INFO | etl.extract |   - DaySinceLastOrder: float64
2026-03-15 05:00:27,774 | INFO | etl.extract |   - CashbackAmount: float64
2026-03-15 05:00:27,774 | INFO | etl.extract | Sample preview (first 5 rows):
   CustomerID  Churn  Tenure  ... OrderCount  DaySinceLastOrder  CashbackAmount
0       54332      1     1.0  ...        2.0                1.0          148.25
1       51989      0    15.0  ...        1.0                3.0          152.31
2       53444      0    13.0  ...        NaN                9.0          233.80
3       54560      0     5.0  ...        4.0                3.0          147.18
4       54899      0    13.0  ...        NaN                9.0          252.42

[5 rows x 20 columns]
2026-03-15 05:00:27,786 | INFO | etl.extract | EXTRACT stage completed successfully.
2026-03-15 05:00:27,857 | INFO | Running command: E:\Kenexai-Hackathon\.venv\Scripts\python.exe E:\Kenexai-Hackathon\warehouse\build_warehouse.py
2026-03-15 05:00:28,504 | WARNING | stderr: 2026-03-15 05:00:28,276 | INFO | warehouse.build_warehouse | Starting warehouse build process (Silver -> Gold).
2026-03-15 05:00:28,310 | INFO | warehouse.build_warehouse | Loaded cleaned dataset from E:\Kenexai-Hackathon\data\silver\silver_layer.db (silver_customer_churn_curated)
2026-03-15 05:00:28,310 | INFO | warehouse.build_warehouse | Input dataset shape: rows=6430, cols=22
2026-03-15 05:00:28,324 | INFO | warehouse.build_warehouse | Building dimension tables.
2026-03-15 05:00:28,333 | INFO | warehouse.build_warehouse | Created dim_customer_profile with 5630 rows
2026-03-15 05:00:28,333 | INFO | warehouse.build_warehouse | Created dim_login_device with 2 rows
2026-03-15 05:00:28,333 | INFO | warehouse.build_warehouse | Created dim_payment_method with 5 rows
2026-03-15 05:00:28,333 | INFO | warehouse.build_warehouse | Created dim_order_category with 5 rows
2026-03-15 05:00:28,333 | INFO | warehouse.build_warehouse | Created dim_customer_time_window with 439 rows
2026-03-15 05:00:28,333 | INFO | warehouse.build_warehouse | Building fact table with surrogate-key references.
2026-03-15 05:00:28,344 | INFO | warehouse.build_warehouse | Validation passed: fact row count and foreign keys are valid.
2026-03-15 05:00:28,344 | INFO | warehouse.build_warehouse | Created fact_customer_churn_metrics with 6430 rows
2026-03-15 05:00:28,344 | INFO | warehouse.build_warehouse | Saving Star Schema tables to SQLite database.
2026-03-15 05:00:28,370 | INFO | warehouse.build_warehouse | Saved dim_customer_profile to SQLite with 5630 rows
2026-03-15 05:00:28,392 | INFO | warehouse.build_warehouse | Saved dim_login_device to SQLite with 2 rows
2026-03-15 05:00:28,403 | INFO | warehouse.build_warehouse | Saved dim_payment_method to SQLite with 5 rows
2026-03-15 05:00:28,421 | INFO | warehouse.build_warehouse | Saved dim_order_category to SQLite with 5 rows
2026-03-15 05:00:28,444 | INFO | warehouse.build_warehouse | Saved fact_customer_churn_metrics to SQLite with 6430 rows
2026-03-15 05:00:28,456 | INFO | warehouse.build_warehouse | Saved dim_customer_time_window to SQLite with 439 rows
2026-03-15 05:00:28,456 | INFO | warehouse.build_warehouse | Warehouse database saved at E:\Kenexai-Hackathon\data\gold\warehouse.db
2026-03-15 05:00:28,456 | INFO | warehouse.build_warehouse | Warehouse build completed successfully.
2026-03-15 05:00:28,520 | INFO | Running command: E:\Kenexai-Hackathon\.venv\Scripts\python.exe E:\Kenexai-Hackathon\ml\infer_batch.py --batch-id batch_20260314T233006Z_5cf62f94
2026-03-15 05:00:30,020 | INFO | stdout: Scored batch_id=batch_20260314T233006Z_5cf62f94
Prediction rows: 100
Saved latest CSV: E:\Kenexai-Hackathon\data\gold\latest_batch_predictions.csv
Saved DB table: fact_customer_churn_scoring_results
2026-03-15 05:00:30,037 | INFO | Batch processed successfully: batch_20260314T233006Z_5cf62f94
2026-03-15 05:00:30,037 | INFO | Watcher run completed.
2026-03-15 05:03:54,375 | INFO | Discovered file batches this run: 8
2026-03-15 05:03:54,375 | INFO | Pending batches: 1
2026-03-15 05:03:54,375 | INFO | Processing batch: batch_20260314T233337Z_0c03a9d1
2026-03-15 05:03:56,387 | INFO | Running command: E:\Kenexai-Hackathon\.venv\Scripts\python.exe E:\Kenexai-Hackathon\etl\transform.py --input-path E:\Kenexai-Hackathon\data\bronze_branch\batch_20260314T233337Z_0c03a9d1.csv --batch-id batch_20260314T233337Z_0c03a9d1 --append
2026-03-15 05:03:56,866 | INFO | stdout: --- Initial Dataset Diagnostics ---
Shape: (100, 20)
Dtypes:
CustomerID                       int64
Churn                            int64
Tenure                         float64
PreferredLoginDevice            object
CityTier                         int64
WarehouseToHome                float64
PreferredPaymentMode            object
Gender                          object
HourSpendOnApp                 float64
NumberOfDeviceRegistered         int64
PreferedOrderCat                object
SatisfactionScore                int64
MaritalStatus                   object
NumberOfAddress                  int64
Complain                         int64
OrderAmountHikeFromlastYear    float64
CouponUsed                     float64
OrderCount                     float64
DaySinceLastOrder              float64
CashbackAmount                 float64
dtype: object
Missing values per column:
CustomerID                     0
Churn                          0
Tenure                         5
PreferredLoginDevice           0
CityTier                       0
WarehouseToHome                8
PreferredPaymentMode           0
Gender                         0
HourSpendOnApp                 4
NumberOfDeviceRegistered       0
PreferedOrderCat               0
SatisfactionScore              0
MaritalStatus                  0
NumberOfAddress                0
Complain                       0
OrderAmountHikeFromlastYear    5
CouponUsed                     4
OrderCount                     8
DaySinceLastOrder              6
CashbackAmount                 0
dtype: int64

Removed duplicate rows: 0
Rows removed by outlier filtering: 0

--- Cleaned Dataset Diagnostics ---
Shape: (100, 20)
Dtypes:
CustomerID                       int64
Churn                            int64
Tenure                         float64
PreferredLoginDevice            object
CityTier                         int64
WarehouseToHome                float64
PreferredPaymentMode            object
Gender                          object
HourSpendOnApp                 float64
NumberOfDeviceRegistered         int64
PreferedOrderCat                object
SatisfactionScore                int64
MaritalStatus                   object
NumberOfAddress                  int64
Complain                         int64
OrderAmountHikeFromlastYear    float64
CouponUsed                     float64
OrderCount                     float64
DaySinceLastOrder              float64
CashbackAmount                 float64
dtype: object
Missing values per column:
CustomerID                     0
Churn                          0
Tenure                         0
PreferredLoginDevice           0
CityTier                       0
WarehouseToHome                0
PreferredPaymentMode           0
Gender                         0
HourSpendOnApp                 0
NumberOfDeviceRegistered       0
PreferedOrderCat               0
SatisfactionScore              0
MaritalStatus                  0
NumberOfAddress                0
Complain                       0
OrderAmountHikeFromlastYear    0
CouponUsed                     0
OrderCount                     0
DaySinceLastOrder              0
CashbackAmount                 0
dtype: int64

Cleaned dataset saved successfully.
Rows: 100
Columns: 20
Saved to DB: E:\Kenexai-Hackathon\data\silver\silver_layer.db
Table name: silver_customer_churn_curated
Batch ID: batch_20260314T233337Z_0c03a9d1
2026-03-15 05:03:56,866 | WARNING | stderr: 2026-03-15 05:03:56,786 | INFO | etl.extract | Starting EXTRACT stage.
2026-03-15 05:03:56,786 | INFO | etl.extract | Source path: E:\Kenexai-Hackathon\data\bronze_branch\batch_20260314T233337Z_0c03a9d1.csv
2026-03-15 05:03:56,786 | INFO | etl.extract | Reading CSV source: E:\Kenexai-Hackathon\data\bronze_branch\batch_20260314T233337Z_0c03a9d1.csv
2026-03-15 05:03:56,792 | INFO | etl.extract | Dataset loaded successfully with shape: rows=100, cols=20
2026-03-15 05:03:56,792 | INFO | etl.extract | Column datatype inspection:
2026-03-15 05:03:56,792 | INFO | etl.extract |   - CustomerID: int64
2026-03-15 05:03:56,792 | INFO | etl.extract |   - Churn: int64
2026-03-15 05:03:56,792 | INFO | etl.extract |   - Tenure: float64
2026-03-15 05:03:56,792 | INFO | etl.extract |   - PreferredLoginDevice: object
2026-03-15 05:03:56,792 | INFO | etl.extract |   - CityTier: int64
2026-03-15 05:03:56,792 | INFO | etl.extract |   - WarehouseToHome: float64
2026-03-15 05:03:56,792 | INFO | etl.extract |   - PreferredPaymentMode: object
2026-03-15 05:03:56,792 | INFO | etl.extract |   - Gender: object
2026-03-15 05:03:56,792 | INFO | etl.extract |   - HourSpendOnApp: float64
2026-03-15 05:03:56,792 | INFO | etl.extract |   - NumberOfDeviceRegistered: int64
2026-03-15 05:03:56,792 | INFO | etl.extract |   - PreferedOrderCat: object
2026-03-15 05:03:56,792 | INFO | etl.extract |   - SatisfactionScore: int64
2026-03-15 05:03:56,792 | INFO | etl.extract |   - MaritalStatus: object
2026-03-15 05:03:56,792 | INFO | etl.extract |   - NumberOfAddress: int64
2026-03-15 05:03:56,792 | INFO | etl.extract |   - Complain: int64
2026-03-15 05:03:56,792 | INFO | etl.extract |   - OrderAmountHikeFromlastYear: float64
2026-03-15 05:03:56,792 | INFO | etl.extract |   - CouponUsed: float64
2026-03-15 05:03:56,792 | INFO | etl.extract |   - OrderCount: float64
2026-03-15 05:03:56,792 | INFO | etl.extract |   - DaySinceLastOrder: float64
2026-03-15 05:03:56,792 | INFO | etl.extract |   - CashbackAmount: float64
2026-03-15 05:03:56,792 | INFO | etl.extract | Sample preview (first 5 rows):
   CustomerID  Churn  Tenure  ... OrderCount  DaySinceLastOrder  CashbackAmount
0       54332      1     1.0  ...        2.0                1.0          148.25
1       51989      0    15.0  ...        1.0                3.0          152.31
2       53444      0    13.0  ...        NaN                9.0          233.80
3       54560      0     5.0  ...        4.0                3.0          147.18
4       54899      0    13.0  ...        NaN                9.0          252.42

[5 rows x 20 columns]
2026-03-15 05:03:56,803 | INFO | etl.extract | EXTRACT stage completed successfully.
2026-03-15 05:03:56,874 | INFO | Running command: E:\Kenexai-Hackathon\.venv\Scripts\python.exe E:\Kenexai-Hackathon\warehouse\build_warehouse.py
2026-03-15 05:03:57,498 | WARNING | stderr: 2026-03-15 05:03:57,265 | INFO | warehouse.build_warehouse | Starting warehouse build process (Silver -> Gold).
2026-03-15 05:03:57,293 | INFO | warehouse.build_warehouse | Loaded cleaned dataset from E:\Kenexai-Hackathon\data\silver\silver_layer.db (silver_customer_churn_curated)
2026-03-15 05:03:57,293 | INFO | warehouse.build_warehouse | Input dataset shape: rows=6530, cols=22
2026-03-15 05:03:57,310 | INFO | warehouse.build_warehouse | Building dimension tables.
2026-03-15 05:03:57,321 | INFO | warehouse.build_warehouse | Created dim_customer_profile with 5630 rows
2026-03-15 05:03:57,321 | INFO | warehouse.build_warehouse | Created dim_login_device with 2 rows
2026-03-15 05:03:57,321 | INFO | warehouse.build_warehouse | Created dim_payment_method with 5 rows
2026-03-15 05:03:57,321 | INFO | warehouse.build_warehouse | Created dim_order_category with 5 rows
2026-03-15 05:03:57,321 | INFO | warehouse.build_warehouse | Created dim_customer_time_window with 439 rows
2026-03-15 05:03:57,321 | INFO | warehouse.build_warehouse | Building fact table with surrogate-key references.
2026-03-15 05:03:57,346 | INFO | warehouse.build_warehouse | Validation passed: fact row count and foreign keys are valid.
2026-03-15 05:03:57,346 | INFO | warehouse.build_warehouse | Created fact_customer_churn_metrics with 6530 rows
2026-03-15 05:03:57,351 | INFO | warehouse.build_warehouse | Saving Star Schema tables to SQLite database.
2026-03-15 05:03:57,376 | INFO | warehouse.build_warehouse | Saved dim_customer_profile to SQLite with 5630 rows
2026-03-15 05:03:57,388 | INFO | warehouse.build_warehouse | Saved dim_login_device to SQLite with 2 rows
2026-03-15 05:03:57,388 | INFO | warehouse.build_warehouse | Saved dim_payment_method to SQLite with 5 rows
2026-03-15 05:03:57,406 | INFO | warehouse.build_warehouse | Saved dim_order_category to SQLite with 5 rows
2026-03-15 05:03:57,441 | INFO | warehouse.build_warehouse | Saved fact_customer_churn_metrics to SQLite with 6530 rows
2026-03-15 05:03:57,451 | INFO | warehouse.build_warehouse | Saved dim_customer_time_window to SQLite with 439 rows
2026-03-15 05:03:57,451 | INFO | warehouse.build_warehouse | Warehouse database saved at E:\Kenexai-Hackathon\data\gold\warehouse.db
2026-03-15 05:03:57,451 | INFO | warehouse.build_warehouse | Warehouse build completed successfully.
2026-03-15 05:03:57,498 | INFO | Running command: E:\Kenexai-Hackathon\.venv\Scripts\python.exe E:\Kenexai-Hackathon\ml\infer_batch.py --batch-id batch_20260314T233337Z_0c03a9d1
2026-03-15 05:03:59,281 | INFO | stdout: Scored batch_id=batch_20260314T233337Z_0c03a9d1
Prediction rows: 100
Saved latest CSV: E:\Kenexai-Hackathon\data\gold\latest_batch_predictions.csv
Saved DB table: fact_customer_churn_scoring_results
2026-03-15 05:03:59,301 | INFO | Batch processed successfully: batch_20260314T233337Z_0c03a9d1
2026-03-15 05:03:59,301 | INFO | Watcher run completed.
2026-03-15 05:06:25,538 | INFO | Discovered file batches this run: 9
2026-03-15 05:06:25,538 | INFO | Pending batches: 1
2026-03-15 05:06:25,538 | INFO | Processing batch: batch_20260314T233607Z_566ca302
2026-03-15 05:06:27,556 | INFO | Running command: E:\Kenexai-Hackathon\.venv\Scripts\python.exe E:\Kenexai-Hackathon\etl\transform.py --input-path E:\Kenexai-Hackathon\data\bronze_branch\batch_20260314T233607Z_566ca302.csv --batch-id batch_20260314T233607Z_566ca302 --append
2026-03-15 05:06:28,045 | INFO | stdout: --- Initial Dataset Diagnostics ---
Shape: (100, 20)
Dtypes:
CustomerID                       int64
Churn                            int64
Tenure                         float64
PreferredLoginDevice            object
CityTier                         int64
WarehouseToHome                float64
PreferredPaymentMode            object
Gender                          object
HourSpendOnApp                 float64
NumberOfDeviceRegistered         int64
PreferedOrderCat                object
SatisfactionScore                int64
MaritalStatus                   object
NumberOfAddress                  int64
Complain                         int64
OrderAmountHikeFromlastYear    float64
CouponUsed                     float64
OrderCount                     float64
DaySinceLastOrder              float64
CashbackAmount                 float64
dtype: object
Missing values per column:
CustomerID                     0
Churn                          0
Tenure                         5
PreferredLoginDevice           0
CityTier                       0
WarehouseToHome                8
PreferredPaymentMode           0
Gender                         0
HourSpendOnApp                 4
NumberOfDeviceRegistered       0
PreferedOrderCat               0
SatisfactionScore              0
MaritalStatus                  0
NumberOfAddress                0
Complain                       0
OrderAmountHikeFromlastYear    5
CouponUsed                     4
OrderCount                     8
DaySinceLastOrder              6
CashbackAmount                 0
dtype: int64

Removed duplicate rows: 0
Rows removed by outlier filtering: 0

--- Cleaned Dataset Diagnostics ---
Shape: (100, 20)
Dtypes:
CustomerID                       int64
Churn                            int64
Tenure                         float64
PreferredLoginDevice            object
CityTier                         int64
WarehouseToHome                float64
PreferredPaymentMode            object
Gender                          object
HourSpendOnApp                 float64
NumberOfDeviceRegistered         int64
PreferedOrderCat                object
SatisfactionScore                int64
MaritalStatus                   object
NumberOfAddress                  int64
Complain                         int64
OrderAmountHikeFromlastYear    float64
CouponUsed                     float64
OrderCount                     float64
DaySinceLastOrder              float64
CashbackAmount                 float64
dtype: object
Missing values per column:
CustomerID                     0
Churn                          0
Tenure                         0
PreferredLoginDevice           0
CityTier                       0
WarehouseToHome                0
PreferredPaymentMode           0
Gender                         0
HourSpendOnApp                 0
NumberOfDeviceRegistered       0
PreferedOrderCat               0
SatisfactionScore              0
MaritalStatus                  0
NumberOfAddress                0
Complain                       0
OrderAmountHikeFromlastYear    0
CouponUsed                     0
OrderCount                     0
DaySinceLastOrder              0
CashbackAmount                 0
dtype: int64

Cleaned dataset saved successfully.
Rows: 100
Columns: 20
Saved to DB: E:\Kenexai-Hackathon\data\silver\silver_layer.db
Table name: silver_customer_churn_curated
Batch ID: batch_20260314T233607Z_566ca302
2026-03-15 05:06:28,045 | WARNING | stderr: 2026-03-15 05:06:27,964 | INFO | etl.extract | Starting EXTRACT stage.
2026-03-15 05:06:27,964 | INFO | etl.extract | Source path: E:\Kenexai-Hackathon\data\bronze_branch\batch_20260314T233607Z_566ca302.csv
2026-03-15 05:06:27,964 | INFO | etl.extract | Reading CSV source: E:\Kenexai-Hackathon\data\bronze_branch\batch_20260314T233607Z_566ca302.csv
2026-03-15 05:06:27,964 | INFO | etl.extract | Dataset loaded successfully with shape: rows=100, cols=20
2026-03-15 05:06:27,964 | INFO | etl.extract | Column datatype inspection:
2026-03-15 05:06:27,964 | INFO | etl.extract |   - CustomerID: int64
2026-03-15 05:06:27,964 | INFO | etl.extract |   - Churn: int64
2026-03-15 05:06:27,964 | INFO | etl.extract |   - Tenure: float64
2026-03-15 05:06:27,964 | INFO | etl.extract |   - PreferredLoginDevice: object
2026-03-15 05:06:27,964 | INFO | etl.extract |   - CityTier: int64
2026-03-15 05:06:27,964 | INFO | etl.extract |   - WarehouseToHome: float64
2026-03-15 05:06:27,964 | INFO | etl.extract |   - PreferredPaymentMode: object
2026-03-15 05:06:27,964 | INFO | etl.extract |   - Gender: object
2026-03-15 05:06:27,964 | INFO | etl.extract |   - HourSpendOnApp: float64
2026-03-15 05:06:27,964 | INFO | etl.extract |   - NumberOfDeviceRegistered: int64
2026-03-15 05:06:27,964 | INFO | etl.extract |   - PreferedOrderCat: object
2026-03-15 05:06:27,964 | INFO | etl.extract |   - SatisfactionScore: int64
2026-03-15 05:06:27,964 | INFO | etl.extract |   - MaritalStatus: object
2026-03-15 05:06:27,964 | INFO | etl.extract |   - NumberOfAddress: int64
2026-03-15 05:06:27,964 | INFO | etl.extract |   - Complain: int64
2026-03-15 05:06:27,964 | INFO | etl.extract |   - OrderAmountHikeFromlastYear: float64
2026-03-15 05:06:27,964 | INFO | etl.extract |   - CouponUsed: float64
2026-03-15 05:06:27,964 | INFO | etl.extract |   - OrderCount: float64
2026-03-15 05:06:27,964 | INFO | etl.extract |   - DaySinceLastOrder: float64
2026-03-15 05:06:27,964 | INFO | etl.extract |   - CashbackAmount: float64
2026-03-15 05:06:27,964 | INFO | etl.extract | Sample preview (first 5 rows):
   CustomerID  Churn  Tenure  ... OrderCount  DaySinceLastOrder  CashbackAmount
0       54332      1     1.0  ...        2.0                1.0          148.25
1       51989      0    15.0  ...        1.0                3.0          152.31
2       53444      0    13.0  ...        NaN                9.0          233.80
3       54560      0     5.0  ...        4.0                3.0          147.18
4       54899      0    13.0  ...        NaN                9.0          252.42

[5 rows x 20 columns]
2026-03-15 05:06:27,977 | INFO | etl.extract | EXTRACT stage completed successfully.
2026-03-15 05:06:28,052 | INFO | Running command: E:\Kenexai-Hackathon\.venv\Scripts\python.exe E:\Kenexai-Hackathon\warehouse\build_warehouse.py
2026-03-15 05:06:28,657 | WARNING | stderr: 2026-03-15 05:06:28,422 | INFO | warehouse.build_warehouse | Starting warehouse build process (Silver -> Gold).
2026-03-15 05:06:28,469 | INFO | warehouse.build_warehouse | Loaded cleaned dataset from E:\Kenexai-Hackathon\data\silver\silver_layer.db (silver_customer_churn_curated)
2026-03-15 05:06:28,469 | INFO | warehouse.build_warehouse | Input dataset shape: rows=6630, cols=22
2026-03-15 05:06:28,472 | INFO | warehouse.build_warehouse | Building dimension tables.
2026-03-15 05:06:28,488 | INFO | warehouse.build_warehouse | Created dim_customer_profile with 5630 rows
2026-03-15 05:06:28,488 | INFO | warehouse.build_warehouse | Created dim_login_device with 2 rows
2026-03-15 05:06:28,488 | INFO | warehouse.build_warehouse | Created dim_payment_method with 5 rows
2026-03-15 05:06:28,488 | INFO | warehouse.build_warehouse | Created dim_order_category with 5 rows
2026-03-15 05:06:28,488 | INFO | warehouse.build_warehouse | Created dim_customer_time_window with 439 rows
2026-03-15 05:06:28,488 | INFO | warehouse.build_warehouse | Building fact table with surrogate-key references.
2026-03-15 05:06:28,504 | INFO | warehouse.build_warehouse | Validation passed: fact row count and foreign keys are valid.
2026-03-15 05:06:28,504 | INFO | warehouse.build_warehouse | Created fact_customer_churn_metrics with 6630 rows
2026-03-15 05:06:28,505 | INFO | warehouse.build_warehouse | Saving Star Schema tables to SQLite database.
2026-03-15 05:06:28,527 | INFO | warehouse.build_warehouse | Saved dim_customer_profile to SQLite with 5630 rows
2026-03-15 05:06:28,539 | INFO | warehouse.build_warehouse | Saved dim_login_device to SQLite with 2 rows
2026-03-15 05:06:28,557 | INFO | warehouse.build_warehouse | Saved dim_payment_method to SQLite with 5 rows
2026-03-15 05:06:28,573 | INFO | warehouse.build_warehouse | Saved dim_order_category to SQLite with 5 rows
2026-03-15 05:06:28,592 | INFO | warehouse.build_warehouse | Saved fact_customer_churn_metrics to SQLite with 6630 rows
2026-03-15 05:06:28,607 | INFO | warehouse.build_warehouse | Saved dim_customer_time_window to SQLite with 439 rows
2026-03-15 05:06:28,607 | INFO | warehouse.build_warehouse | Warehouse database saved at E:\Kenexai-Hackathon\data\gold\warehouse.db
2026-03-15 05:06:28,607 | INFO | warehouse.build_warehouse | Warehouse build completed successfully.
2026-03-15 05:06:28,657 | INFO | Running command: E:\Kenexai-Hackathon\.venv\Scripts\python.exe E:\Kenexai-Hackathon\ml\infer_batch.py --batch-id batch_20260314T233607Z_566ca302
2026-03-15 05:06:30,008 | INFO | stdout: Scored batch_id=batch_20260314T233607Z_566ca302
Prediction rows: 100
Saved latest CSV: E:\Kenexai-Hackathon\data\gold\latest_batch_predictions.csv
Saved DB table: fact_customer_churn_scoring_results
2026-03-15 05:06:30,022 | INFO | Batch processed successfully: batch_20260314T233607Z_566ca302
2026-03-15 05:06:30,022 | INFO | Watcher run completed.
